{
  message: 'home route responsed!',
  level: 'info',
  label: 'Project Name!',
  timestamp: '2023-06-17T13:20:49.243Z'
}
{
  message: 'home route responsed!',
  level: 'info',
  label: 'Project Name!',
  timestamp: '2023-06-17T13:21:35.940Z'
}
{
  message: 'home route responsed!',
  level: 'info',
  label: 'Project Name!',
  timestamp: '2023-06-17T13:21:52.608Z'
}
{
  message: 'home route responsed!',
  level: 'info',
  label: 'Project Name!',
  timestamp: '2023-06-17T13:30:31.654Z'
}
{
  message: 'home route responsed!',
  level: 'info',
  label: 'Project Name!',
  timestamp: '2023-06-17T13:32:23.542Z'
}
{
  message: 'home route responsed!',
  level: 'info',
  label: 'Project Name!',
  timestamp: '2023-06-17T13:32:46.546Z'
}
